84 12.157070
199 12.928451
321 12.507103
466 12.033511
557 11.620379
643 11.600157
766 11.879002
895 12.101522
1023 15.986192
1137 11.275988
1244 12.131689
1355 12.201057
1448 11.990324
1546 10.850173
1649 14.790628
1768 11.918928
1887 12.311840
1989 11.726913
2090 12.271318
2202 11.546526
2318 11.647302
2448 14.584941
2588 11.238083
2722 12.985561
2831 11.566965
2927 11.573221
3033 11.854942
3109 12.103510
3245 12.685259
3350 14.977279
3454 10.969192
3592 14.504865
3733 11.469845
3851 11.632461
3988 11.076939
4092 12.175595
4218 11.375680
4309 11.616428
4407 16.759700
4504 14.190744
4641 10.826058
4767 10.646186
4904 11.286681
5002 12.421875
5116 12.659498
5230 11.290307
5375 11.742738
5493 12.402810
5631 11.352951
5749 11.056139
5887 11.273905
6009 11.580064
6120 11.260752
6239 11.493287
6334 12.985435
6464 11.288238
6578 11.682901
6702 12.441661
6804 10.495602
6932 12.688346
7056 12.796665
7148 13.363001
7264 13.448883
7397 14.759236
7511 14.018456
7654 12.226805
7759 12.561591
7900 14.455036
8005 12.810313
8085 11.778950
8225 12.108872
8361 10.894924
8447 11.863862
8560 11.410106
8640 11.813645
8773 13.183229
8858 10.919588
8962 11.725537
9092 12.344009
9218 11.994078
9337 12.746459
9424 11.951252
9510 12.741434
9596 11.596041
9736 14.158080
9833 11.954646
9970 12.404776
10064 12.862811
10213 12.365653
10346 11.783499
10430 13.612477
10552 11.509865
10686 12.956332
10773 13.620082
10862 11.168287
10991 11.969129
11114 15.251275
11227 15.227268
11377 11.637015
11470 13.846817
11594 11.921484
11725 11.599342
11838 12.477871
11946 12.057838
12055 11.541792
12165 12.184230
12295 12.203493
12405 15.126019
12502 12.325121
12636 15.840147
12754 12.892969
12901 12.401907
13010 11.635378
13107 15.927292
13248 11.615567
13352 16.084639
13478 22.153509
13624 11.650527
13703 10.782816
13820 11.199848
13934 11.100841
14044 12.155566
14186 14.939740
14329 11.010125
14441 11.897853
14574 12.377188
14670 11.942262
14771 11.421286
14859 12.123454
15012 12.069061
15147 10.840256
15222 12.183546
15308 12.680390
15397 13.005062
15477 12.201949
15607 11.612239
15734 12.977299
15833 13.579097
15962 13.127468
16077 11.639786
16222 12.561413
16357 11.451729
16473 11.719767
16596 10.618642
16722 13.689177
16859 11.433836
16970 12.448654
17053 11.296109
17206 12.270361
17329 11.805151
17442 11.828538
17536 12.491177
17643 13.477065
17747 12.651350
17858 11.105395
17934 12.794945
18052 10.779893
18129 13.921105
18253 11.245434
18379 11.690776
18494 10.970837
18586 12.979681
18684 12.039124
18813 11.257312
18891 10.869791
19018 11.653132
19122 12.485130
19221 12.342548
19347 10.786318
19475 11.052933
19583 14.260804
19722 11.289847
19822 13.657647
19920 11.975591
20016 12.291664
20132 16.817651
20256 11.739138
20358 17.228629
20445 11.095172
20583 12.559863
20670 12.659389
20761 10.716380
20883 10.726173
21014 11.669243
21112 10.796658
21212 12.111944
21347 11.757267
21490 15.403868
21591 10.923899
21682 11.740645
21796 11.887520
21917 10.766633
22024 11.263849
22141 11.405318
22243 11.342917
22340 11.535891
22440 12.219566
22556 11.311733
22645 11.832807
22795 12.092477
22943 11.001697
23059 12.140431
23191 11.700932
23293 11.265270
23420 10.415949
23507 11.382655
23605 12.352832
23732 10.833291
23874 11.030537
23997 10.770307
24113 10.536284
24215 10.750489
24328 11.167840
24412 12.833513
24541 11.010896
24637 10.534472
24749 13.764354
24876 11.859488
24954 11.956763
25109 11.454253
25217 10.946050
25331 11.039108
25477 12.525224
25608 11.140030
25687 11.158984
25822 11.237740
25910 10.998010
26036 10.860376
26172 14.667147
26299 11.296784
26398 11.201458
26489 13.388370
26604 11.545352
26757 12.464254
26856 11.580540
26981 11.227211
27108 13.203085
27183 10.923831
27302 11.186765
27416 11.423198
27520 12.175255
27626 11.231135
27744 12.053511
27841 11.034270
27979 12.025385
28061 11.173429
28156 12.617393
28244 11.903154
28341 26.977602
28488 11.475390
28601 12.396668
28737 11.988801
28878 11.398552
29011 12.678086
29101 12.193175
29218 11.019884
29335 12.338315
29465 15.800405
29575 11.194532
29697 11.732875
29795 10.766314
29871 11.426695
29962 11.231507
30064 11.594530
30153 13.051183
30303 11.806624
30410 11.916309
30517 12.891272
30601 13.347067
30692 10.815766
30778 11.397719
30875 11.123204
30983 12.049357
31100 11.434472
31239 13.955279
31372 12.896706
31497 11.334931
31628 10.683820
31733 12.497137
31848 10.750053
31930 11.070638
32042 11.720890
32129 11.090754
32209 11.038224
32343 12.651097
32416 11.599300
32532 10.498869
32658 11.027285
32786 11.308041
32902 11.342075
32984 12.281317
33101 11.293178
33236 11.308899
33323 12.025502
33423 11.280438
33555 12.347927
