0 17.104
17 17.412
42 16.828
60 16.684
71 21.448
92 21.856
113 16.961
133 17.175
146 17.126
165 20.870
177 24.746
195 20.563
217 19.788
227 24.613
242 21.193
263 19.448
279 18.793
303 16.861
325 16.074
346 16.893
364 22.845
378 21.591
406 17.352
422 17.901
447 18.048
476 17.784
497 16.364
519 17.482
549 55.920
570 20.087
591 15.769
603 14.769
633 19.373
662 15.382
683 16.070
699 16.392
723 15.208
737 16.352
753 16.779
773 16.210
794 15.815
823 18.436
840 17.650
862 18.421
880 15.437
907 38.490
928 15.665
940 15.685
963 15.634
994 15.182
1015 19.433
1040 15.294
1059 15.485
1074 14.865
1087 15.399
1103 17.664
1120 17.915
1139 16.403
1159 19.138
1186 15.696
1208 16.181
1232 16.054
1252 17.397
1273 22.475
1296 14.924
1306 15.463
1331 15.564
1353 16.096
1383 26.285
1406 17.120
1431 16.258
1458 17.770
1479 17.228
1503 16.102
1523 24.809
1549 15.695
1572 17.882
1586 19.965
1596 18.640
1616 20.233
1641 17.902
1665 15.029
1695 14.496
1719 17.064
1740 22.762
1755 18.806
1768 19.758
1789 23.607
1806 22.225
1832 15.155
1861 15.667
1871 16.074
1881 15.452
1903 80.446
1927 16.284
1948 15.357
1977 17.079
1996 14.639
2025 16.422
2037 16.722
2067 16.290
2083 16.323
2108 17.217
2136 20.087
2162 16.671
2190 15.826
2201 16.827
2222 14.518
2249 19.126
2276 15.424
2296 17.531
2319 17.798
2348 30.494
2375 20.116
2388 19.629
2409 19.048
2421 17.774
2436 17.010
2466 18.532
2493 45.032
2508 26.602
2525 19.822
2542 19.170
2555 21.599
2583 18.617
2603 17.153
2633 20.633
2662 18.783
2679 18.042
2691 18.314
2711 20.134
2724 17.473
2746 18.068
2766 19.637
2794 18.263
2811 20.715
2827 18.570
2848 20.224
2859 22.124
2870 32.185
2895 17.717
2924 17.803
2945 18.075
2961 17.208
2985 26.968
3004 17.452
3026 17.977
3047 18.188
3068 20.858
3098 18.143
3117 17.371
3138 17.198
3161 29.953
3174 19.382
3195 19.359
3225 16.670
3248 18.013
3269 23.362
3289 17.072
3309 16.732
3335 17.676
3361 17.622
3385 19.410
3395 19.586
3417 18.887
3439 17.289
3466 16.449
3486 16.551
3502 20.018
3519 20.726
3531 20.628
3547 18.380
3567 15.508
3593 15.227
3617 18.792
3630 16.111
3647 19.116
3676 17.378
3691 16.790
3709 17.323
3733 17.375
3754 14.695
3775 14.834
3798 16.554
3818 18.844
3841 18.705
3864 14.540
3885 16.195
3912 15.330
3925 16.199
3941 16.015
3967 15.837
3980 15.448
4000 16.434
4012 18.485
4034 15.358
4049 16.611
4069 14.633
4099 17.765
4128 22.131
4151 18.244
4181 16.461
4204 17.634
4219 17.366
4241 19.013
4258 21.449
4276 24.214
4301 16.256
4329 20.082
4359 17.819
4383 17.708
4408 18.147
4437 18.093
4452 17.078
4477 18.170
4502 28.136
4525 18.513
4555 18.795
4584 17.706
4607 19.836
4636 17.416
4664 16.735
4677 17.101
4699 18.428
4724 16.892
4736 16.889
4756 13.906
4773 15.271
4800 15.903
4819 14.190
4844 14.878
4873 16.039
4900 17.682
4920 17.912
4943 14.582
4955 14.834
4971 15.635
4982 16.664
5002 17.731
5024 18.692
5046 19.988
5063 19.036
5073 20.357
5085 20.188
5096 18.019
5107 23.058
5129 21.680
5159 17.910
5173 17.389
5191 18.213
5215 23.791
5244 16.797
5265 21.471
5286 18.176
5309 16.042
5319 17.240
5342 16.506
5354 41.910
5364 23.069
5378 17.352
5407 17.378
5423 19.385
5452 18.444
5469 18.122
5481 17.149
5496 23.989
5520 17.258
5537 26.425
5550 18.165
5579 16.764
5604 38.714
5625 17.891
5646 20.797
5667 19.356
5696 17.185
5712 30.742
5736 21.551
5747 18.336
5767 18.561
5779 19.545
5799 20.086
5826 18.841
5848 17.005
5862 17.086
5876 17.775
5886 17.314
5909 18.791
5937 29.369
5962 17.188
5973 19.071
5994 16.115
6006 16.505
6027 17.669
6052 17.982
6075 19.179
6103 17.718
6115 17.478
6137 19.339
6148 19.977
6163 18.343
6175 20.431
6189 18.366
6216 17.223
6231 17.807
6251 17.481
6269 15.974
6290 14.547
6301 18.160
6320 19.937
6334 17.888
6361 16.413
6374 14.343
6393 16.141
6403 21.494
6418 15.210
6437 15.713
6459 15.208
6480 19.328
6505 16.654
6518 31.683
6542 18.630
6552 18.242
6562 17.734
6582 16.551
6612 18.675
6631 18.200
6653 80.812
6677 19.223
6693 17.199
6714 17.285
6729 20.114
6740 41.255
6769 16.606
6790 17.909
6804 18.608
6824 22.755
6849 18.473
6876 18.288
6891 17.527
6910 18.781
6925 18.252
6946 19.958
6969 19.225
6995 17.051
7010 18.041
7035 17.841
7057 17.936
7079 17.591
7102 17.576
7132 20.750
7158 18.020
7181 30.302
7200 17.448
7224 17.599
7250 16.306
7265 16.729
7287 19.646
7306 16.761
7323 19.658
7334 17.513
7359 17.069
7383 17.910
7402 17.705
7427 35.853
7443 18.618
7455 18.632
7467 18.943
7483 19.867
7493 24.591
7523 17.295
7546 20.964
7573 17.977
7588 17.242
7613 17.919
7629 23.475
7658 17.289
7679 16.469
7696 19.983
7707 21.691
7730 16.458
7742 17.961
7767 19.687
7791 17.483
7808 17.542
7837 19.114
7852 17.286
7880 16.732
7902 18.084
7928 18.519
7941 19.423
7951 20.262
7961 18.418
7972 20.149
7985 19.403
8004 19.829
8026 17.041
8044 18.720
8073 19.288
8093 20.975
8122 22.260
8138 17.645
8148 24.531
8165 24.285
8191 17.811
8201 17.764
8213 16.375
8224 18.013
8252 17.062
8279 17.852
8296 17.807
8312 18.329
8329 15.536
8348 16.587
8363 15.339
8383 13.910
8411 16.837
8438 16.912
8468 19.266
8487 14.969
8509 15.711
8535 16.201
8560 16.796
8582 18.217
8596 47.531
8626 15.365
8640 16.170
8662 45.822
8683 16.752
8699 20.219
8723 16.967
8751 15.251
8775 14.882
8799 15.535
8828 15.130
8850 15.243
8870 14.474
8885 15.342
8906 16.501
8922 15.978
8938 16.360
8950 15.779
8971 16.307
8991 16.186
9020 14.441
9038 14.518
9059 16.000
9078 15.499
9104 15.302
9125 16.752
9153 14.638
9173 14.627
9193 15.134
9216 15.917
9237 16.225
9254 16.371
9279 15.939
9299 15.255
9319 15.535
9341 15.326
9363 17.153
9374 20.462
9386 16.578
9396 20.561
9420 16.299
9441 15.370
9463 19.442
9482 18.031
9510 17.466
9532 17.668
9548 18.905
9561 18.503
9586 18.449
9605 16.157
9626 17.428
9645 16.921
9671 18.037
9692 17.762
9712 29.683
9735 17.588
9758 18.412
9781 17.080
9804 19.486
9823 17.449
9846 17.986
9868 20.646
9881 19.625
9910 19.589
9935 18.249
9953 17.722
9974 22.912
9996 17.807
10014 19.926
10028 17.201
10041 23.677
10053 19.732
10071 18.974
10093 17.092
10119 15.066
10132 15.375
10159 16.059
10178 15.058
10197 23.021
10213 16.190
10235 17.121
10260 18.259
10274 16.836
10299 23.355
10317 17.037
10335 17.638
10349 18.523
10370 17.446
10390 17.087
10414 19.224
10431 19.708
10454 15.771
10480 15.761
10505 19.522
10524 15.484
10538 16.865
10553 16.281
10574 14.644
10601 14.966
10617 14.869
10643 18.742
10667 15.438
10681 16.499
10708 16.897
10720 21.189
10738 19.457
10765 16.792
10788 18.757
10801 19.110
10817 16.769
10831 18.006
10843 16.511
10857 19.031
10885 15.023
10899 16.708
10913 55.294
10926 36.045
10940 17.055
10950 17.625
10960 16.590
10977 17.704
10992 17.034
11020 15.648
11036 27.239
11052 16.096
11063 16.742
11091 14.522
11108 19.782
11137 19.183
11158 16.964
11173 16.738
11187 17.455
11214 15.229
11233 16.128
11257 21.538
11278 15.506
11305 16.051
11325 15.128
11338 14.842
11361 15.437
11377 16.416
11398 14.608
11415 16.233
11444 15.478
11471 30.689
11494 16.275
11511 15.762
11534 16.819
11556 17.861
11581 17.445
11596 18.288
11617 18.139
11636 18.954
11666 18.893
11695 19.138
11716 28.752
11736 19.250
11751 18.426
11767 21.627
11787 22.962
11812 15.897
11831 16.672
11858 19.111
11872 25.630
11888 19.227
11918 17.168
11943 16.051
11964 16.880
11993 15.331
12009 15.407
12027 15.046
12052 15.659
12075 28.844
12092 18.452
12121 20.370
12137 18.810
12158 17.301
12179 19.481
12205 15.773
12219 20.419
12244 15.051
12274 15.964
12296 14.540
12318 15.993
12331 25.234
12348 14.448
12370 15.247
12396 15.452
12420 18.586
12441 15.079
12463 16.292
12484 15.683
12501 16.106
12523 14.608
12546 16.312
12568 15.208
12580 15.482
12590 14.086
12616 16.053
12630 16.810
12655 16.386
12675 15.528
12692 15.338
12703 14.952
12733 17.131
12759 18.950
12781 20.142
12792 19.861
12805 18.968
12832 17.815
12856 16.989
12874 16.823
12899 23.865
12928 18.321
12957 20.079
12978 18.590
12993 21.197
13005 19.563
13025 21.602
13047 18.114
13061 17.502
13077 19.466
13095 17.503
13111 20.279
13138 17.231
13157 18.257
13178 16.874
13194 17.411
13208 16.937
13233 15.929
13263 19.451
13286 17.471
13299 17.364
13314 17.668
13328 17.394
13356 19.805
13383 17.416
13412 15.627
13427 13.905
13455 14.723
13467 14.545
13492 20.930
13524 18.503
13544 15.616
13567 15.227
13577 15.877
13594 16.528
13618 57.544
13639 30.427
13657 18.947
13686 15.832
13710 16.003
13736 16.150
13757 34.971
13771 16.438
13784 16.838
13799 18.316
13815 16.339
13835 18.144
13848 17.205
13875 15.844
13902 27.774
13916 16.753
13943 17.082
13963 14.590
13988 15.806
14011 15.113
14027 15.907
14047 15.228
14068 17.386
14090 15.869
14109 14.984
14137 14.879
14165 15.411
14176 14.786
14187 20.385
14213 16.565
14230 15.905
14241 17.930
14271 17.010
14299 21.173
14328 14.995
14348 15.602
14378 15.766
14407 24.538
14431 14.322
14454 15.260
14475 15.418
14485 16.556
14507 17.961
14526 17.969
14538 18.472
14567 15.905
14592 18.027
14621 18.017
14650 19.060
14670 19.960
14691 18.021
14706 19.227
14736 17.883
14750 21.617
14768 18.634
14794 18.002
14824 18.363
14842 32.344
14872 16.165
14894 24.014
14923 15.511
14939 19.684
14950 16.323
14980 15.058
15001 16.142
15019 15.288
15042 19.077
15055 26.104
15069 16.769
15098 15.318
15127 26.517
15143 17.812
15171 15.573
15191 16.143
15209 15.099
15221 23.009
15250 15.562
15280 16.289
15304 24.998
15326 17.432
15341 17.098
15369 15.702
15390 16.412
15414 15.985
15431 16.913
15441 17.132
15458 19.117
15477 15.788
15499 15.671
15524 16.923
15554 15.029
15571 14.208
15593 14.915
15616 15.233
15645 15.168
15666 14.870
15689 17.040
15712 15.075
15722 13.738
15738 15.209
15760 15.458
15771 14.570
15800 16.457
15825 15.651
15848 19.637
15865 19.280
15878 18.175
15892 16.732
15910 19.151
15935 15.495
15961 16.258
15983 15.871
16011 15.867
16028 15.702
16057 15.622
16083 20.316
16103 16.144
16125 14.030
16147 15.165
16167 15.815
16186 16.850
16211 14.574
16224 15.340
16245 17.136
16270 15.387
16298 17.986
16318 16.871
16337 18.173
16348 16.924
16368 18.184
16394 18.858
16410 17.805
16430 18.074
16442 16.722
16470 24.581
16500 16.736
16518 17.582
16548 16.639
16565 20.026
16587 16.492
16608 21.252
16631 17.377
16643 28.727
16661 17.416
16678 15.764
16706 15.694
16726 15.175
16749 15.613
16760 14.085
16778 17.231
16790 16.594
16812 16.322
16826 15.324
16844 18.021
16872 16.000
16897 19.054
16922 17.361
16949 23.102
16971 22.809
17000 18.236
17013 15.591
17039 16.400
17069 19.812
17095 19.331
17106 20.803
17121 17.096
17139 19.347
17150 19.563
17173 15.887
17202 17.646
17224 18.668
17242 46.429
17272 15.051
17300 15.089
17313 14.731
17332 15.336
17360 18.808
17382 16.993
17410 13.588
17425 15.576
17452 16.256
17473 16.779
17485 15.625
17510 16.516
17532 19.397
17556 21.872
17581 14.763
17593 15.148
17620 16.613
17645 15.356
17667 16.083
17684 14.844
17699 16.215
17716 15.636
17732 15.867
17757 16.462
17778 17.533
17792 20.174
17805 35.957
17818 18.694
17828 18.082
17852 14.580
17872 17.542
17887 16.823
17900 17.975
17919 15.355
17948 15.043
17970 14.352
17998 14.740
18014 20.394
18043 14.755
18069 15.400
18094 17.088
18121 14.405
18144 15.787
18155 20.848
18171 16.612
18182 16.147
18201 42.603
18219 19.304
18237 16.376
18251 19.394
18275 16.421
18291 17.239
18305 16.619
18324 18.588
18350 17.928
18364 17.915
18387 17.789
18408 16.055
18422 16.179
18451 15.048
18476 15.762
18491 15.728
18511 15.436
18541 26.508
18554 14.957
18571 14.332
18594 15.929
18616 23.693
18639 17.938
18652 16.046
18682 15.397
18703 17.282
18717 15.569
18733 15.869
18744 14.860
18755 30.223
18772 17.317
18785 18.150
18804 16.086
18824 16.614
18849 16.461
18879 17.203
18898 15.086
18918 18.281
18942 14.623
18972 14.785
19000 17.969
19020 17.093
19041 17.002
19054 17.385
19084 17.720
19103 18.402
19124 17.676
19146 16.792
19169 17.336
19192 18.555
19207 18.358
19219 20.166
19240 16.808
19255 17.322
19270 18.130
19299 18.768
19323 19.896
19339 21.090
19359 20.400
19383 17.022
19407 16.621
19422 17.269
19452 20.266
19477 17.890
19497 18.953
19525 17.546
19545 16.102
19566 17.256
19581 17.344
19605 16.789
19623 17.372
19648 14.929
19667 14.951
19682 16.921
19711 16.460
19732 16.322
19754 19.406
19769 16.793
19799 16.623
19818 15.667
19840 14.802
19861 15.393
19879 17.827
19894 17.554
19908 17.523
19918 17.870
19946 17.624
19958 16.193
19979 17.336
20002 22.699
20031 16.674
20061 17.550
20086 16.277
20112 19.132
20129 20.192
20155 16.963
20165 17.217
20178 17.438
20189 16.950
20217 17.709
20228 16.471
20253 20.535
20278 18.522
20288 18.580
20300 21.918
20316 17.457
20329 17.849
20340 
20377 
20401 
20427 
20455 16.288
20475 20.956
20500 35.848
20527 16.851
20543 18.403
20554 17.121
20576 17.211
20597 21.887
20615 17.726
20631 17.681
20642 18.121
20658 16.526
20675 16.299
20699 23.145
20728 18.197
20750 17.549
20760 17.012
20780 18.005
20809 18.999
20831 21.044
20845 17.435
20856 19.321
20873 18.045
20884 19.875
20909 19.544
20936 16.700
20961 24.148
20990 16.625
21001 18.003
21028 21.166
21055 36.304
21072 18.309
21084 20.227
21111 19.647
21131 16.910
21150 23.436
21162 17.464
21184 16.131
21194 15.634
21213 16.510
21234 18.497
21261 15.157
21271 15.409
21301 14.673
21323 19.324
21353 14.650
21375 18.679
21394 27.023
21417 17.021
21428 18.146
21442 18.549
21472 16.942
21495 15.373
21523 15.454
21533 15.438
21559 17.083
21577 15.350
21593 15.329
21613 15.604
21639 18.965
21666 17.693
21683 17.992
21704 22.251
21723 22.969
21744 15.924
21759 16.025
21775 15.492
21801 15.284
21822 18.101
21846 15.149
21859 14.750
21873 14.969
21898 21.722
21910 19.770
21939 16.121
21962 19.643
21984 18.117
22007 18.124
22029 17.645
22055 15.069
22081 17.454
22091 23.171
22107 17.169
22124 20.356
22153 16.281
22174 16.032
22184 18.427
22204 15.854
22230 20.173
22245 20.882
22269 19.434
22294 15.436
22315 17.282
22326 19.800
22343 25.171
22363 15.614
22391 31.670
22420 14.966
22440 15.616
22465 20.636
22486 17.671
22505 17.067
22517 19.671
22542 15.727
22556 14.658
22583 18.847
22600 20.306
22630 23.390
22659 19.100
22682 18.266
22708 26.019
22731 15.640
22761 16.223
22785 14.654
22803 14.962
22825 20.895
22848 15.504
22874 16.512
22885 17.864
22909 17.685
22937 19.088
22957 17.160
22980 20.788
22995 25.689
23025 19.526
23053 18.500
23079 16.348
23105 19.784
23131 20.005
23147 17.371
23158 16.661
23184 16.924
23204 21.710
23225 16.952
23255 16.876
23267 15.132
23291 15.790
23311 16.604
23337 17.707
23347 23.290
23359 18.862
23375 17.014
23404 15.429
23417 14.835
23442 15.633
23457 19.253
23476 20.029
23486 16.738
23504 17.999
23528 19.041
23539 21.926
23551 19.404
23579 40.296
23597 20.761
23618 17.326
23628 23.766
23656 46.326
23670 20.787
23691 18.371
23714 16.798
23739 18.002
23759 16.940
23782 15.970
23803 17.548
23820 21.386
23846 15.135
23861 15.442
23875 15.513
23904 22.071
23930 14.836
23942 14.878
23958 17.630
23969 16.018
23998 16.357
24017 15.269
24043 15.905
24070 15.520
24082 16.139
24096 23.566
24124 15.127
24143 15.625
24159 15.627
24178 15.489
24202 15.728
24230 15.409
24250 14.895
24261 18.449
24286 15.586
24305 16.687
24326 15.241
24346 18.472
24362 17.945
24392 19.164
24405 16.983
24434 15.798
24456 15.463
24466 14.369
24484 14.583
24508 19.720
24534 14.769
24555 15.973
24584 15.778
24609 15.789
24627 17.988
24650 16.369
24669 16.699
24681 37.620
24703 17.152
24715 17.633
24726 17.141
24748 16.277
24771 19.070
24800 15.095
24828 14.839
24852 14.788
24870 13.537
24892 17.689
24909 19.081
24924 16.817
24941 17.056
24970 21.066
24991 16.276
25014 16.375
25042 17.190
25054 18.423
25083 15.898
25103 15.818
25131 14.959
25160 19.834
25189 15.305
25211 16.707
25231 15.511
25256 19.107
25273 22.003
25290 19.647
25304 25.412
25314 16.285
25344 16.415
25371 16.682
25388 16.380
25404 18.011
25430 15.481
25455 15.422
25475 15.146
25497 35.169
25522 15.761
25548 16.250
25558 16.255
25577 16.141
25604 16.226
25624 16.352
25648 27.471
25665 20.377
25687 15.679
25717 17.025
25727 16.003
25754 22.430
25782 18.764
25811 15.250
25822 16.642
25848 20.488
25862 18.821
25885 16.973
25903 17.849
25923 16.892
25941 20.700
25962 23.300
25975 18.388
26001 17.965
26017 17.791
26032 17.034
26060 18.713
26079 18.303
26101 18.049
26121 17.572
26148 17.653
26169 17.720
26193 18.565
26213 16.968
26231 17.241
26252 19.138
26273 19.751
26284 16.914
26307 27.734
26328 18.043
26356 16.311
26385 21.503
26402 15.379
26428 18.481
26450 20.799
26460 16.854
26478 17.346
26490 28.744
26513 14.792
26526 14.612
26546 18.753
26568 14.771
26591 20.617
26621 15.955
26642 18.476
26654 17.565
26683 19.012
26694 18.572
26723 14.876
26735 16.374
26746 15.683
26765 15.785
26787 15.318
26807 17.940
26830 17.981
26857 16.003
26878 16.444
26902 31.753
26912 17.656
26937 16.516
26953 15.054
26974 16.638
26994 18.567
27006 19.138
27019 17.992
27046 15.075
27072 14.934
27100 19.030
27122 21.305
27152 14.866
27167 15.838
27185 14.920
27205 15.561
27234 21.369
27250 16.216
27269 16.071
27296 15.068
27325 26.163
27342 18.941
27359 20.005
27378 19.621
27395 15.671
27415 15.831
27436 15.088
27461 17.669
27490 18.393
27514 16.891
27535 18.434
27545 20.202
27563 17.816
27584 17.996
27602 19.521
27632 19.008
27653 17.768
27679 17.195
27690 17.120
27718 18.178
27742 18.228
27765 19.014
27783 20.291
27802 18.735
27819 19.685
27848 16.206
27869 17.136
27882 16.520
27894 16.672
27922 22.405
27935 17.881
27962 17.772
27978 16.869
28003 17.236
28020 21.682
28031 19.745
28050 18.754
28068 17.081
28092 18.943
28105 18.414
28126 20.417
28151 20.273
28178 16.465
28192 16.848
28221 27.707
28251 16.713
28276 17.014
28299 18.007
28327 19.562
28338 18.906
28374 17.785
28400 19.419
28416 18.113
28430 16.662
28443 19.154
28463 18.414
28483 17.011
28507 17.466
28518 20.453
28543 19.879
28564 19.163
28577 19.675
28596 15.075
28618 14.898
28642 15.539
28664 18.702
28690 15.726
28713 15.033
28742 14.867
28768 14.938
28792 15.807
28807 18.020
28817 30.581
28846 16.374
28860 16.651
28876 16.610
28899 18.572
28925 15.361
28954 16.578
28968 14.179
28999 20.156
29014 15.105
29041 15.475
29061 15.289
29081 16.017
29096 15.157
29124 18.929
29143 23.890
29169 14.612
29197 18.530
29219 16.076
29239 15.441
29254 15.500
29270 21.540
29295 15.422
29311 18.335
29328 17.865
29350 16.446
29379 16.046
29399 15.716
29417 15.853
29443 16.143
29458 15.377
29483 14.314
29496 15.712
29514 16.254
29537 15.350
29551 15.759
29580 17.892
29604 18.233
29616 16.864
29628 16.944
29654 15.217
29683 14.796
29706 15.656
29735 18.780
29751 20.482
29761 18.952
29791 21.989
29811 18.481
29828 21.180
29839 25.565
29858 19.828
29873 18.417
29901 14.574
29916 14.656
29929 21.086
29945 17.624
29963 19.733
29983 18.908
30002 17.061
30017 17.373
30044 16.179
30054 19.550
30071 14.569
30098 15.764
30126 20.315
30137 15.099
30160 21.802
30190 15.285
30209 15.881
30238 14.833
30249 15.382
30272 17.544
30297 15.007
30318 22.163
30332 19.004
30353 20.967
30363 19.727
30391 17.370
30418 16.473
30439 17.452
30464 17.972
30482 15.668
30502 16.291
30514 14.896
30535 15.445
30549 14.434
30559 15.400
30575 14.132
30598 23.435
30620 16.589
30648 16.756
30667 16.484
30683 17.610
30703 22.433
30733 16.581
30760 16.910
30771 17.163
30792 18.388
30820 18.065
30835 17.731
30864 17.027
30881 16.440
30901 25.487
30916 47.756
30944 17.492
30973 19.825
30988 18.073
31009 17.742
31037 17.560
31051 18.175
31067 16.848
31090 18.612
31118 22.086
31140 19.277
31167 17.461
31187 16.628
31211 17.830
31240 24.117
31263 18.863
31293 16.557
31313 15.412
31336 15.208
31365 14.821
31393 16.394
31420 16.741
31435 18.585
31453 21.315
31468 17.446
31478 19.100
31497 17.475
31520 21.606
31550 15.705
31560 15.551
31574 15.849
31590 16.557
31605 36.193
31632 16.663
31658 23.084
31678 19.263
31708 15.479
31719 16.088
31738 18.254
31762 16.905
31790 17.055
31815 19.508
31844 19.116
31864 17.234
31881 16.974
31898 16.963
31921 17.449
31941 19.214
31967 14.763
31996 14.927
32013 15.407
32028 17.840
32045 15.603
32066 20.220
32080 17.115
32100 17.462
32122 17.085
32142 18.047
32153 17.970
32169 15.690
32199 15.588
32221 15.666
32241 17.856
32264 15.968
32276 39.887
32295 15.767
32314 18.076
32334 15.675
32359 37.555
32382 19.215
32396 16.161
32421 18.632
32447 14.627
32467 26.382
32486 18.815
32504 34.932
32534 15.749
32553 19.236
32581 15.957
32609 15.139
32633 15.602
32651 16.174
32678 20.597
32703 16.919
32725 17.024
32754 14.967
32776 17.698
32790 18.889
32820 16.059
32850 15.416
32865 15.757
32888 17.402
32899 16.731
32920 16.468
32947 19.288
32965 14.906
32993 17.900
33019 18.707
33036 20.075
33066 16.951
33087 17.445
33116 22.838
33136 15.889
33162 16.311
33190 16.887
33205 28.616
33229 15.689
33253 20.134
33265 18.370
33287 18.211
33316 17.434
33337 23.627
33356 18.368
33366 17.694
33383 16.980
33394 17.066
33410 27.496
33437 19.375
33466 17.593
33495 19.429
33513 21.602
33528 19.256
33556 17.677
33582 16.690
33611 17.932
33635 17.406
